<?xml version="1.0" encoding="UTF-8"?>
<robot generator="Robot 6.1.1 (Python 3.10.12 on linux)" generated="20231113 23:05:18.324" rpa="false" schemaversion="4">
<suite id="s1" name="Tests" source="/home/itadji/Ohtu/palautusrepositorio/viikko3/web-login/src/tests">
<suite id="s1-s1" name="Home" source="/home/itadji/Ohtu/palautusrepositorio/viikko3/web-login/src/tests/home.robot">
<kw name="Open And Configure Browser" library="resource" type="SETUP">
<kw name="Evaluate" library="BuiltIn">
<var>${options}</var>
<arg>sys.modules['selenium.webdriver'].ChromeOptions()</arg>
<arg>sys</arg>
<doc>Evaluates the given expression in Python and returns the result.</doc>
<msg timestamp="20231113 23:05:18.463" level="INFO">${options} = &lt;selenium.webdriver.chrome.options.Options object at 0x7f388e61e260&gt;</msg>
<status status="PASS" starttime="20231113 23:05:18.463" endtime="20231113 23:05:18.463"/>
</kw>
<kw name="Call Method" library="BuiltIn">
<arg>${options}</arg>
<arg>add_argument</arg>
<arg>--no-sandbox</arg>
<doc>Calls the named method of the given object with the provided arguments.</doc>
<status status="PASS" starttime="20231113 23:05:18.463" endtime="20231113 23:05:18.464"/>
</kw>
<kw name="Call Method" library="BuiltIn">
<arg>${options}</arg>
<arg>add_argument</arg>
<arg>--headless</arg>
<doc>Calls the named method of the given object with the provided arguments.</doc>
<status status="PASS" starttime="20231113 23:05:18.464" endtime="20231113 23:05:18.464"/>
</kw>
<kw name="Open Browser" library="SeleniumLibrary">
<arg>browser=chrome</arg>
<arg>options=${options}</arg>
<doc>Opens a new browser instance to the optional ``url``.</doc>
<msg timestamp="20231113 23:05:18.464" level="INFO">Opening browser 'chrome' to base url 'None'.</msg>
<status status="PASS" starttime="20231113 23:05:18.464" endtime="20231113 23:05:19.238"/>
</kw>
<kw name="Set Selenium Speed" library="SeleniumLibrary">
<arg>${DELAY}</arg>
<doc>Sets the delay that is waited after each Selenium command.</doc>
<status status="PASS" starttime="20231113 23:05:19.238" endtime="20231113 23:05:19.239"/>
</kw>
<status status="PASS" starttime="20231113 23:05:18.463" endtime="20231113 23:05:19.239"/>
</kw>
<test id="s1-s1-t1" name="Click Login Link" line="8">
<kw name="Go To Home Page" library="resource" type="SETUP">
<kw name="Go To" library="SeleniumLibrary">
<arg>${HOME_URL}</arg>
<doc>Navigates the current browser window to the provided ``url``.</doc>
<msg timestamp="20231113 23:05:19.240" level="INFO">Opening url 'http://localhost:5001'</msg>
<status status="PASS" starttime="20231113 23:05:19.240" endtime="20231113 23:05:19.271"/>
</kw>
<status status="PASS" starttime="20231113 23:05:19.239" endtime="20231113 23:05:19.271"/>
</kw>
<kw name="Click Link" library="SeleniumLibrary">
<arg>Login</arg>
<doc>Clicks a link identified by ``locator``.</doc>
<msg timestamp="20231113 23:05:19.272" level="INFO">Clicking link 'Login'.</msg>
<status status="PASS" starttime="20231113 23:05:19.271" endtime="20231113 23:05:19.326"/>
</kw>
<kw name="Login Page Should Be Open" library="resource">
<kw name="Title Should Be" library="SeleniumLibrary">
<arg>Login</arg>
<doc>Verifies that the current page title equals ``title``.</doc>
<msg timestamp="20231113 23:05:19.331" level="INFO">Page title is 'Login'.</msg>
<status status="PASS" starttime="20231113 23:05:19.327" endtime="20231113 23:05:19.331"/>
</kw>
<status status="PASS" starttime="20231113 23:05:19.326" endtime="20231113 23:05:19.332"/>
</kw>
<status status="PASS" starttime="20231113 23:05:19.239" endtime="20231113 23:05:19.332"/>
</test>
<test id="s1-s1-t2" name="Click Register Link" line="12">
<kw name="Go To Home Page" library="resource" type="SETUP">
<kw name="Go To" library="SeleniumLibrary">
<arg>${HOME_URL}</arg>
<doc>Navigates the current browser window to the provided ``url``.</doc>
<msg timestamp="20231113 23:05:19.333" level="INFO">Opening url 'http://localhost:5001'</msg>
<status status="PASS" starttime="20231113 23:05:19.333" endtime="20231113 23:05:19.342"/>
</kw>
<status status="PASS" starttime="20231113 23:05:19.333" endtime="20231113 23:05:19.342"/>
</kw>
<kw name="Click Link" library="SeleniumLibrary">
<arg>Register new user</arg>
<doc>Clicks a link identified by ``locator``.</doc>
<msg timestamp="20231113 23:05:19.343" level="INFO">Clicking link 'Register new user'.</msg>
<status status="PASS" starttime="20231113 23:05:19.343" endtime="20231113 23:05:19.383"/>
</kw>
<kw name="Register Page Should Be Open" library="resource">
<kw name="Title Should Be" library="SeleniumLibrary">
<arg>Register</arg>
<doc>Verifies that the current page title equals ``title``.</doc>
<msg timestamp="20231113 23:05:19.386" level="INFO">Page title is 'Register'.</msg>
<status status="PASS" starttime="20231113 23:05:19.384" endtime="20231113 23:05:19.386"/>
</kw>
<status status="PASS" starttime="20231113 23:05:19.383" endtime="20231113 23:05:19.386"/>
</kw>
<status status="PASS" starttime="20231113 23:05:19.332" endtime="20231113 23:05:19.386"/>
</test>
<kw name="Close Browser" library="SeleniumLibrary" type="TEARDOWN">
<doc>Closes the current browser.</doc>
<status status="PASS" starttime="20231113 23:05:19.387" endtime="20231113 23:05:19.445"/>
</kw>
<status status="PASS" starttime="20231113 23:05:18.340" endtime="20231113 23:05:19.445"/>
</suite>
<suite id="s1-s2" name="Login" source="/home/itadji/Ohtu/palautusrepositorio/viikko3/web-login/src/tests/login.robot">
<kw name="Open And Configure Browser" library="resource" type="SETUP">
<kw name="Evaluate" library="BuiltIn">
<var>${options}</var>
<arg>sys.modules['selenium.webdriver'].ChromeOptions()</arg>
<arg>sys</arg>
<doc>Evaluates the given expression in Python and returns the result.</doc>
<msg timestamp="20231113 23:05:19.454" level="INFO">${options} = &lt;selenium.webdriver.chrome.options.Options object at 0x7f388e61f0a0&gt;</msg>
<status status="PASS" starttime="20231113 23:05:19.454" endtime="20231113 23:05:19.454"/>
</kw>
<kw name="Call Method" library="BuiltIn">
<arg>${options}</arg>
<arg>add_argument</arg>
<arg>--no-sandbox</arg>
<doc>Calls the named method of the given object with the provided arguments.</doc>
<status status="PASS" starttime="20231113 23:05:19.454" endtime="20231113 23:05:19.455"/>
</kw>
<kw name="Call Method" library="BuiltIn">
<arg>${options}</arg>
<arg>add_argument</arg>
<arg>--headless</arg>
<doc>Calls the named method of the given object with the provided arguments.</doc>
<status status="PASS" starttime="20231113 23:05:19.455" endtime="20231113 23:05:19.455"/>
</kw>
<kw name="Open Browser" library="SeleniumLibrary">
<arg>browser=chrome</arg>
<arg>options=${options}</arg>
<doc>Opens a new browser instance to the optional ``url``.</doc>
<msg timestamp="20231113 23:05:19.456" level="INFO">Opening browser 'chrome' to base url 'None'.</msg>
<status status="PASS" starttime="20231113 23:05:19.455" endtime="20231113 23:05:20.258"/>
</kw>
<kw name="Set Selenium Speed" library="SeleniumLibrary">
<arg>${DELAY}</arg>
<doc>Sets the delay that is waited after each Selenium command.</doc>
<status status="PASS" starttime="20231113 23:05:20.259" endtime="20231113 23:05:20.259"/>
</kw>
<status status="PASS" starttime="20231113 23:05:19.453" endtime="20231113 23:05:20.259"/>
</kw>
<test id="s1-s2-t1" name="Login With Correct Credentials" line="8">
<kw name="Create User And Go To Login Page" type="SETUP">
<kw name="Create User" library="AppLibrary">
<arg>kalle</arg>
<arg>kalle123</arg>
<status status="PASS" starttime="20231113 23:05:20.260" endtime="20231113 23:05:20.267"/>
</kw>
<kw name="Go To Login Page" library="resource">
<kw name="Go To" library="SeleniumLibrary">
<arg>${LOGIN_URL}</arg>
<doc>Navigates the current browser window to the provided ``url``.</doc>
<msg timestamp="20231113 23:05:20.267" level="INFO">Opening url 'http://localhost:5001/login'</msg>
<status status="PASS" starttime="20231113 23:05:20.267" endtime="20231113 23:05:20.302"/>
</kw>
<status status="PASS" starttime="20231113 23:05:20.267" endtime="20231113 23:05:20.302"/>
</kw>
<kw name="Login Page Should Be Open" library="resource">
<kw name="Title Should Be" library="SeleniumLibrary">
<arg>Login</arg>
<doc>Verifies that the current page title equals ``title``.</doc>
<msg timestamp="20231113 23:05:20.307" level="INFO">Page title is 'Login'.</msg>
<status status="PASS" starttime="20231113 23:05:20.303" endtime="20231113 23:05:20.307"/>
</kw>
<status status="PASS" starttime="20231113 23:05:20.303" endtime="20231113 23:05:20.307"/>
</kw>
<status status="PASS" starttime="20231113 23:05:20.259" endtime="20231113 23:05:20.307"/>
</kw>
<kw name="Set Username">
<arg>kalle</arg>
<kw name="Input Text" library="SeleniumLibrary">
<arg>username</arg>
<arg>${username}</arg>
<doc>Types the given ``text`` into the text field identified by ``locator``.</doc>
<msg timestamp="20231113 23:05:20.308" level="INFO">Typing text 'kalle' into text field 'username'.</msg>
<status status="PASS" starttime="20231113 23:05:20.308" endtime="20231113 23:05:20.378"/>
</kw>
<status status="PASS" starttime="20231113 23:05:20.307" endtime="20231113 23:05:20.378"/>
</kw>
<kw name="Set Password">
<arg>kalle123</arg>
<kw name="Input Password" library="SeleniumLibrary">
<arg>password</arg>
<arg>${password}</arg>
<doc>Types the given password into the text field identified by ``locator``.</doc>
<msg timestamp="20231113 23:05:20.380" level="INFO">Typing password into text field 'password'.</msg>
<msg timestamp="20231113 23:05:20.403" level="INFO">Temporally setting log level to: NONE</msg>
<msg timestamp="20231113 23:05:20.429" level="INFO">Log level changed from NONE to INFO.</msg>
<status status="PASS" starttime="20231113 23:05:20.379" endtime="20231113 23:05:20.430"/>
</kw>
<status status="PASS" starttime="20231113 23:05:20.379" endtime="20231113 23:05:20.430"/>
</kw>
<kw name="Submit Credentials">
<kw name="Click Button" library="SeleniumLibrary">
<arg>Login</arg>
<doc>Clicks the button identified by ``locator``.</doc>
<msg timestamp="20231113 23:05:20.430" level="INFO">Clicking button 'Login'.</msg>
<status status="PASS" starttime="20231113 23:05:20.430" endtime="20231113 23:05:20.482"/>
</kw>
<status status="PASS" starttime="20231113 23:05:20.430" endtime="20231113 23:05:20.482"/>
</kw>
<kw name="Login Should Succeed">
<kw name="Main Page Should Be Open" library="resource">
<kw name="Title Should Be" library="SeleniumLibrary">
<arg>Ohtu Application main page</arg>
<doc>Verifies that the current page title equals ``title``.</doc>
<msg timestamp="20231113 23:05:20.486" level="INFO">Page title is 'Ohtu Application main page'.</msg>
<status status="PASS" starttime="20231113 23:05:20.483" endtime="20231113 23:05:20.486"/>
</kw>
<status status="PASS" starttime="20231113 23:05:20.483" endtime="20231113 23:05:20.486"/>
</kw>
<status status="PASS" starttime="20231113 23:05:20.483" endtime="20231113 23:05:20.486"/>
</kw>
<status status="PASS" starttime="20231113 23:05:20.259" endtime="20231113 23:05:20.486"/>
</test>
<test id="s1-s2-t2" name="Login With Incorrect Password" line="14">
<kw name="Create User And Go To Login Page" type="SETUP">
<kw name="Create User" library="AppLibrary">
<arg>kalle</arg>
<arg>kalle123</arg>
<status status="PASS" starttime="20231113 23:05:20.487" endtime="20231113 23:05:20.494"/>
</kw>
<kw name="Go To Login Page" library="resource">
<kw name="Go To" library="SeleniumLibrary">
<arg>${LOGIN_URL}</arg>
<doc>Navigates the current browser window to the provided ``url``.</doc>
<msg timestamp="20231113 23:05:20.495" level="INFO">Opening url 'http://localhost:5001/login'</msg>
<status status="PASS" starttime="20231113 23:05:20.495" endtime="20231113 23:05:20.505"/>
</kw>
<status status="PASS" starttime="20231113 23:05:20.494" endtime="20231113 23:05:20.505"/>
</kw>
<kw name="Login Page Should Be Open" library="resource">
<kw name="Title Should Be" library="SeleniumLibrary">
<arg>Login</arg>
<doc>Verifies that the current page title equals ``title``.</doc>
<msg timestamp="20231113 23:05:20.509" level="INFO">Page title is 'Login'.</msg>
<status status="PASS" starttime="20231113 23:05:20.506" endtime="20231113 23:05:20.509"/>
</kw>
<status status="PASS" starttime="20231113 23:05:20.506" endtime="20231113 23:05:20.509"/>
</kw>
<status status="PASS" starttime="20231113 23:05:20.487" endtime="20231113 23:05:20.509"/>
</kw>
<kw name="Set Username">
<arg>kalle</arg>
<kw name="Input Text" library="SeleniumLibrary">
<arg>username</arg>
<arg>${username}</arg>
<doc>Types the given ``text`` into the text field identified by ``locator``.</doc>
<msg timestamp="20231113 23:05:20.510" level="INFO">Typing text 'kalle' into text field 'username'.</msg>
<status status="PASS" starttime="20231113 23:05:20.509" endtime="20231113 23:05:20.555"/>
</kw>
<status status="PASS" starttime="20231113 23:05:20.509" endtime="20231113 23:05:20.555"/>
</kw>
<kw name="Set Password">
<arg>kalle456</arg>
<kw name="Input Password" library="SeleniumLibrary">
<arg>password</arg>
<arg>${password}</arg>
<doc>Types the given password into the text field identified by ``locator``.</doc>
<msg timestamp="20231113 23:05:20.556" level="INFO">Typing password into text field 'password'.</msg>
<msg timestamp="20231113 23:05:20.577" level="INFO">Temporally setting log level to: NONE</msg>
<msg timestamp="20231113 23:05:20.600" level="INFO">Log level changed from NONE to INFO.</msg>
<status status="PASS" starttime="20231113 23:05:20.555" endtime="20231113 23:05:20.600"/>
</kw>
<status status="PASS" starttime="20231113 23:05:20.555" endtime="20231113 23:05:20.600"/>
</kw>
<kw name="Submit Credentials">
<kw name="Click Button" library="SeleniumLibrary">
<arg>Login</arg>
<doc>Clicks the button identified by ``locator``.</doc>
<msg timestamp="20231113 23:05:20.601" level="INFO">Clicking button 'Login'.</msg>
<status status="PASS" starttime="20231113 23:05:20.601" endtime="20231113 23:05:20.642"/>
</kw>
<status status="PASS" starttime="20231113 23:05:20.600" endtime="20231113 23:05:20.642"/>
</kw>
<kw name="Login Should Fail With Message">
<arg>Invalid username or password</arg>
<kw name="Login Page Should Be Open" library="resource">
<kw name="Title Should Be" library="SeleniumLibrary">
<arg>Login</arg>
<doc>Verifies that the current page title equals ``title``.</doc>
<msg timestamp="20231113 23:05:20.646" level="INFO">Page title is 'Login'.</msg>
<status status="PASS" starttime="20231113 23:05:20.643" endtime="20231113 23:05:20.646"/>
</kw>
<status status="PASS" starttime="20231113 23:05:20.643" endtime="20231113 23:05:20.646"/>
</kw>
<kw name="Page Should Contain" library="SeleniumLibrary">
<arg>${message}</arg>
<doc>Verifies that current page contains ``text``.</doc>
<msg timestamp="20231113 23:05:20.657" level="INFO">Current page contains text 'Invalid username or password'.</msg>
<status status="PASS" starttime="20231113 23:05:20.646" endtime="20231113 23:05:20.657"/>
</kw>
<status status="PASS" starttime="20231113 23:05:20.643" endtime="20231113 23:05:20.657"/>
</kw>
<status status="PASS" starttime="20231113 23:05:20.487" endtime="20231113 23:05:20.657"/>
</test>
<test id="s1-s2-t3" name="Login With Nonexistent Username" line="20">
<kw name="Create User And Go To Login Page" type="SETUP">
<kw name="Create User" library="AppLibrary">
<arg>kalle</arg>
<arg>kalle123</arg>
<status status="PASS" starttime="20231113 23:05:20.658" endtime="20231113 23:05:20.665"/>
</kw>
<kw name="Go To Login Page" library="resource">
<kw name="Go To" library="SeleniumLibrary">
<arg>${LOGIN_URL}</arg>
<doc>Navigates the current browser window to the provided ``url``.</doc>
<msg timestamp="20231113 23:05:20.665" level="INFO">Opening url 'http://localhost:5001/login'</msg>
<status status="PASS" starttime="20231113 23:05:20.665" endtime="20231113 23:05:20.675"/>
</kw>
<status status="PASS" starttime="20231113 23:05:20.665" endtime="20231113 23:05:20.675"/>
</kw>
<kw name="Login Page Should Be Open" library="resource">
<kw name="Title Should Be" library="SeleniumLibrary">
<arg>Login</arg>
<doc>Verifies that the current page title equals ``title``.</doc>
<msg timestamp="20231113 23:05:20.678" level="INFO">Page title is 'Login'.</msg>
<status status="PASS" starttime="20231113 23:05:20.675" endtime="20231113 23:05:20.679"/>
</kw>
<status status="PASS" starttime="20231113 23:05:20.675" endtime="20231113 23:05:20.679"/>
</kw>
<status status="PASS" starttime="20231113 23:05:20.658" endtime="20231113 23:05:20.679"/>
</kw>
<kw name="Set Username">
<arg>klle</arg>
<kw name="Input Text" library="SeleniumLibrary">
<arg>username</arg>
<arg>${username}</arg>
<doc>Types the given ``text`` into the text field identified by ``locator``.</doc>
<msg timestamp="20231113 23:05:20.680" level="INFO">Typing text 'klle' into text field 'username'.</msg>
<status status="PASS" starttime="20231113 23:05:20.679" endtime="20231113 23:05:20.723"/>
</kw>
<status status="PASS" starttime="20231113 23:05:20.679" endtime="20231113 23:05:20.723"/>
</kw>
<kw name="Set Password">
<arg>kalle123</arg>
<kw name="Input Password" library="SeleniumLibrary">
<arg>password</arg>
<arg>${password}</arg>
<doc>Types the given password into the text field identified by ``locator``.</doc>
<msg timestamp="20231113 23:05:20.725" level="INFO">Typing password into text field 'password'.</msg>
<msg timestamp="20231113 23:05:20.746" level="INFO">Temporally setting log level to: NONE</msg>
<msg timestamp="20231113 23:05:20.771" level="INFO">Log level changed from NONE to INFO.</msg>
<status status="PASS" starttime="20231113 23:05:20.724" endtime="20231113 23:05:20.771"/>
</kw>
<status status="PASS" starttime="20231113 23:05:20.724" endtime="20231113 23:05:20.771"/>
</kw>
<kw name="Submit Credentials">
<kw name="Click Button" library="SeleniumLibrary">
<arg>Login</arg>
<doc>Clicks the button identified by ``locator``.</doc>
<msg timestamp="20231113 23:05:20.772" level="INFO">Clicking button 'Login'.</msg>
<status status="PASS" starttime="20231113 23:05:20.772" endtime="20231113 23:05:20.812"/>
</kw>
<status status="PASS" starttime="20231113 23:05:20.771" endtime="20231113 23:05:20.812"/>
</kw>
<kw name="Login Should Fail With Message">
<arg>Invalid username or password</arg>
<kw name="Login Page Should Be Open" library="resource">
<kw name="Title Should Be" library="SeleniumLibrary">
<arg>Login</arg>
<doc>Verifies that the current page title equals ``title``.</doc>
<msg timestamp="20231113 23:05:20.816" level="INFO">Page title is 'Login'.</msg>
<status status="PASS" starttime="20231113 23:05:20.813" endtime="20231113 23:05:20.816"/>
</kw>
<status status="PASS" starttime="20231113 23:05:20.813" endtime="20231113 23:05:20.816"/>
</kw>
<kw name="Page Should Contain" library="SeleniumLibrary">
<arg>${message}</arg>
<doc>Verifies that current page contains ``text``.</doc>
<msg timestamp="20231113 23:05:20.823" level="INFO">Current page contains text 'Invalid username or password'.</msg>
<status status="PASS" starttime="20231113 23:05:20.816" endtime="20231113 23:05:20.823"/>
</kw>
<status status="PASS" starttime="20231113 23:05:20.812" endtime="20231113 23:05:20.823"/>
</kw>
<status status="PASS" starttime="20231113 23:05:20.658" endtime="20231113 23:05:20.823"/>
</test>
<kw name="Close Browser" library="SeleniumLibrary" type="TEARDOWN">
<doc>Closes the current browser.</doc>
<status status="PASS" starttime="20231113 23:05:20.823" endtime="20231113 23:05:20.884"/>
</kw>
<status status="PASS" starttime="20231113 23:05:19.447" endtime="20231113 23:05:20.884"/>
</suite>
<suite id="s1-s3" name="Register" source="/home/itadji/Ohtu/palautusrepositorio/viikko3/web-login/src/tests/register.robot">
<kw name="Open And Configure Browser" library="resource" type="SETUP">
<kw name="Evaluate" library="BuiltIn">
<var>${options}</var>
<arg>sys.modules['selenium.webdriver'].ChromeOptions()</arg>
<arg>sys</arg>
<doc>Evaluates the given expression in Python and returns the result.</doc>
<msg timestamp="20231113 23:05:20.892" level="INFO">${options} = &lt;selenium.webdriver.chrome.options.Options object at 0x7f388e394d90&gt;</msg>
<status status="PASS" starttime="20231113 23:05:20.892" endtime="20231113 23:05:20.892"/>
</kw>
<kw name="Call Method" library="BuiltIn">
<arg>${options}</arg>
<arg>add_argument</arg>
<arg>--no-sandbox</arg>
<doc>Calls the named method of the given object with the provided arguments.</doc>
<status status="PASS" starttime="20231113 23:05:20.892" endtime="20231113 23:05:20.893"/>
</kw>
<kw name="Call Method" library="BuiltIn">
<arg>${options}</arg>
<arg>add_argument</arg>
<arg>--headless</arg>
<doc>Calls the named method of the given object with the provided arguments.</doc>
<status status="PASS" starttime="20231113 23:05:20.893" endtime="20231113 23:05:20.893"/>
</kw>
<kw name="Open Browser" library="SeleniumLibrary">
<arg>browser=chrome</arg>
<arg>options=${options}</arg>
<doc>Opens a new browser instance to the optional ``url``.</doc>
<msg timestamp="20231113 23:05:20.894" level="INFO">Opening browser 'chrome' to base url 'None'.</msg>
<status status="PASS" starttime="20231113 23:05:20.893" endtime="20231113 23:05:21.684"/>
</kw>
<kw name="Set Selenium Speed" library="SeleniumLibrary">
<arg>${DELAY}</arg>
<doc>Sets the delay that is waited after each Selenium command.</doc>
<status status="PASS" starttime="20231113 23:05:21.684" endtime="20231113 23:05:21.684"/>
</kw>
<status status="PASS" starttime="20231113 23:05:20.891" endtime="20231113 23:05:21.684"/>
</kw>
<test id="s1-s3-t1" name="Register With Valid Username And Password" line="8">
<kw name="Create User And Go To Register Page" type="SETUP">
<kw name="Create User" library="AppLibrary">
<arg>kalle</arg>
<arg>kalle123</arg>
<status status="PASS" starttime="20231113 23:05:21.685" endtime="20231113 23:05:21.692"/>
</kw>
<kw name="Go To Register Page" library="resource">
<kw name="Go To" library="SeleniumLibrary">
<arg>${REGISTER_URL}</arg>
<doc>Navigates the current browser window to the provided ``url``.</doc>
<msg timestamp="20231113 23:05:21.693" level="INFO">Opening url 'http://localhost:5001/register'</msg>
<status status="PASS" starttime="20231113 23:05:21.692" endtime="20231113 23:05:21.728"/>
</kw>
<status status="PASS" starttime="20231113 23:05:21.692" endtime="20231113 23:05:21.728"/>
</kw>
<kw name="Register Page Should Be Open" library="resource">
<kw name="Title Should Be" library="SeleniumLibrary">
<arg>Register</arg>
<doc>Verifies that the current page title equals ``title``.</doc>
<msg timestamp="20231113 23:05:21.732" level="INFO">Page title is 'Register'.</msg>
<status status="PASS" starttime="20231113 23:05:21.729" endtime="20231113 23:05:21.732"/>
</kw>
<status status="PASS" starttime="20231113 23:05:21.728" endtime="20231113 23:05:21.733"/>
</kw>
<status status="PASS" starttime="20231113 23:05:21.685" endtime="20231113 23:05:21.733"/>
</kw>
<kw name="Set Username">
<arg>ronaldo</arg>
<kw name="Input Text" library="SeleniumLibrary">
<arg>username</arg>
<arg>${username}</arg>
<doc>Types the given ``text`` into the text field identified by ``locator``.</doc>
<msg timestamp="20231113 23:05:21.734" level="INFO">Typing text 'ronaldo' into text field 'username'.</msg>
<status status="PASS" starttime="20231113 23:05:21.733" endtime="20231113 23:05:21.802"/>
</kw>
<status status="PASS" starttime="20231113 23:05:21.733" endtime="20231113 23:05:21.802"/>
</kw>
<kw name="Set Password">
<arg>ronaldo123</arg>
<kw name="Input Password" library="SeleniumLibrary">
<arg>password</arg>
<arg>${password}</arg>
<doc>Types the given password into the text field identified by ``locator``.</doc>
<msg timestamp="20231113 23:05:21.803" level="INFO">Typing password into text field 'password'.</msg>
<msg timestamp="20231113 23:05:21.828" level="INFO">Temporally setting log level to: NONE</msg>
<msg timestamp="20231113 23:05:21.853" level="INFO">Log level changed from NONE to INFO.</msg>
<status status="PASS" starttime="20231113 23:05:21.802" endtime="20231113 23:05:21.853"/>
</kw>
<status status="PASS" starttime="20231113 23:05:21.802" endtime="20231113 23:05:21.853"/>
</kw>
<kw name="Set Password Confirmation">
<arg>ronaldo123</arg>
<kw name="Input Password" library="SeleniumLibrary">
<arg>password_confirmation</arg>
<arg>${password_confirmation}</arg>
<doc>Types the given password into the text field identified by ``locator``.</doc>
<msg timestamp="20231113 23:05:21.854" level="INFO">Typing password into text field 'password_confirmation'.</msg>
<msg timestamp="20231113 23:05:21.878" level="INFO">Temporally setting log level to: NONE</msg>
<msg timestamp="20231113 23:05:21.903" level="INFO">Log level changed from NONE to INFO.</msg>
<status status="PASS" starttime="20231113 23:05:21.853" endtime="20231113 23:05:21.903"/>
</kw>
<status status="PASS" starttime="20231113 23:05:21.853" endtime="20231113 23:05:21.903"/>
</kw>
<kw name="Submit Credentials">
<kw name="Click Button" library="SeleniumLibrary">
<arg>Register</arg>
<doc>Clicks the button identified by ``locator``.</doc>
<msg timestamp="20231113 23:05:21.904" level="INFO">Clicking button 'Register'.</msg>
<status status="PASS" starttime="20231113 23:05:21.903" endtime="20231113 23:05:21.955"/>
</kw>
<status status="PASS" starttime="20231113 23:05:21.903" endtime="20231113 23:05:21.955"/>
</kw>
<kw name="Register Should Succeed">
<kw name="Welcome Page Should Be Open" library="resource">
<kw name="Title Should Be" library="SeleniumLibrary">
<arg>Welcome to Ohtu Application!</arg>
<doc>Verifies that the current page title equals ``title``.</doc>
<msg timestamp="20231113 23:05:21.959" level="INFO">Page title is 'Welcome to Ohtu Application!'.</msg>
<status status="PASS" starttime="20231113 23:05:21.955" endtime="20231113 23:05:21.959"/>
</kw>
<status status="PASS" starttime="20231113 23:05:21.955" endtime="20231113 23:05:21.959"/>
</kw>
<status status="PASS" starttime="20231113 23:05:21.955" endtime="20231113 23:05:21.959"/>
</kw>
<status status="PASS" starttime="20231113 23:05:21.685" endtime="20231113 23:05:21.959"/>
</test>
<test id="s1-s3-t2" name="Register With Too Short Username And Valid Password" line="15">
<kw name="Create User And Go To Register Page" type="SETUP">
<kw name="Create User" library="AppLibrary">
<arg>kalle</arg>
<arg>kalle123</arg>
<status status="PASS" starttime="20231113 23:05:21.961" endtime="20231113 23:05:21.984"/>
</kw>
<kw name="Go To Register Page" library="resource">
<kw name="Go To" library="SeleniumLibrary">
<arg>${REGISTER_URL}</arg>
<doc>Navigates the current browser window to the provided ``url``.</doc>
<msg timestamp="20231113 23:05:21.986" level="INFO">Opening url 'http://localhost:5001/register'</msg>
<status status="PASS" starttime="20231113 23:05:21.985" endtime="20231113 23:05:22.004"/>
</kw>
<status status="PASS" starttime="20231113 23:05:21.985" endtime="20231113 23:05:22.004"/>
</kw>
<kw name="Register Page Should Be Open" library="resource">
<kw name="Title Should Be" library="SeleniumLibrary">
<arg>Register</arg>
<doc>Verifies that the current page title equals ``title``.</doc>
<msg timestamp="20231113 23:05:22.007" level="INFO">Page title is 'Register'.</msg>
<status status="PASS" starttime="20231113 23:05:22.004" endtime="20231113 23:05:22.007"/>
</kw>
<status status="PASS" starttime="20231113 23:05:22.004" endtime="20231113 23:05:22.007"/>
</kw>
<status status="PASS" starttime="20231113 23:05:21.960" endtime="20231113 23:05:22.007"/>
</kw>
<kw name="Set Username">
<arg>ro</arg>
<kw name="Input Text" library="SeleniumLibrary">
<arg>username</arg>
<arg>${username}</arg>
<doc>Types the given ``text`` into the text field identified by ``locator``.</doc>
<msg timestamp="20231113 23:05:22.008" level="INFO">Typing text 'ro' into text field 'username'.</msg>
<status status="PASS" starttime="20231113 23:05:22.008" endtime="20231113 23:05:22.051"/>
</kw>
<status status="PASS" starttime="20231113 23:05:22.008" endtime="20231113 23:05:22.051"/>
</kw>
<kw name="Set Password">
<arg>ronaldo123</arg>
<kw name="Input Password" library="SeleniumLibrary">
<arg>password</arg>
<arg>${password}</arg>
<doc>Types the given password into the text field identified by ``locator``.</doc>
<msg timestamp="20231113 23:05:22.052" level="INFO">Typing password into text field 'password'.</msg>
<msg timestamp="20231113 23:05:22.074" level="INFO">Temporally setting log level to: NONE</msg>
<msg timestamp="20231113 23:05:22.097" level="INFO">Log level changed from NONE to INFO.</msg>
<status status="PASS" starttime="20231113 23:05:22.051" endtime="20231113 23:05:22.097"/>
</kw>
<status status="PASS" starttime="20231113 23:05:22.051" endtime="20231113 23:05:22.097"/>
</kw>
<kw name="Set Password Confirmation">
<arg>ronaldo123</arg>
<kw name="Input Password" library="SeleniumLibrary">
<arg>password_confirmation</arg>
<arg>${password_confirmation}</arg>
<doc>Types the given password into the text field identified by ``locator``.</doc>
<msg timestamp="20231113 23:05:22.098" level="INFO">Typing password into text field 'password_confirmation'.</msg>
<msg timestamp="20231113 23:05:22.118" level="INFO">Temporally setting log level to: NONE</msg>
<msg timestamp="20231113 23:05:22.145" level="INFO">Log level changed from NONE to INFO.</msg>
<status status="PASS" starttime="20231113 23:05:22.098" endtime="20231113 23:05:22.145"/>
</kw>
<status status="PASS" starttime="20231113 23:05:22.097" endtime="20231113 23:05:22.145"/>
</kw>
<kw name="Submit Credentials">
<kw name="Click Button" library="SeleniumLibrary">
<arg>Register</arg>
<doc>Clicks the button identified by ``locator``.</doc>
<msg timestamp="20231113 23:05:22.146" level="INFO">Clicking button 'Register'.</msg>
<status status="PASS" starttime="20231113 23:05:22.146" endtime="20231113 23:05:22.185"/>
</kw>
<status status="PASS" starttime="20231113 23:05:22.145" endtime="20231113 23:05:22.185"/>
</kw>
<kw name="Register Should Fail With Message">
<arg>Username has to be atleast 3 characters long and contain characters from a-z</arg>
<kw name="Register Page Should Be Open" library="resource">
<kw name="Title Should Be" library="SeleniumLibrary">
<arg>Register</arg>
<doc>Verifies that the current page title equals ``title``.</doc>
<msg timestamp="20231113 23:05:22.190" level="INFO">Page title is 'Register'.</msg>
<status status="PASS" starttime="20231113 23:05:22.186" endtime="20231113 23:05:22.190"/>
</kw>
<status status="PASS" starttime="20231113 23:05:22.186" endtime="20231113 23:05:22.190"/>
</kw>
<kw name="Page Should Contain" library="SeleniumLibrary">
<arg>${message}</arg>
<doc>Verifies that current page contains ``text``.</doc>
<msg timestamp="20231113 23:05:22.201" level="INFO">Current page contains text 'Username has to be atleast 3 characters long and contain characters from a-z'.</msg>
<status status="PASS" starttime="20231113 23:05:22.190" endtime="20231113 23:05:22.201"/>
</kw>
<status status="PASS" starttime="20231113 23:05:22.185" endtime="20231113 23:05:22.201"/>
</kw>
<status status="PASS" starttime="20231113 23:05:21.959" endtime="20231113 23:05:22.202"/>
</test>
<test id="s1-s3-t3" name="Register With Valid Username And Invalid Password" line="23">
<kw name="Create User And Go To Register Page" type="SETUP">
<kw name="Create User" library="AppLibrary">
<arg>kalle</arg>
<arg>kalle123</arg>
<status status="PASS" starttime="20231113 23:05:22.203" endtime="20231113 23:05:22.210"/>
</kw>
<kw name="Go To Register Page" library="resource">
<kw name="Go To" library="SeleniumLibrary">
<arg>${REGISTER_URL}</arg>
<doc>Navigates the current browser window to the provided ``url``.</doc>
<msg timestamp="20231113 23:05:22.210" level="INFO">Opening url 'http://localhost:5001/register'</msg>
<status status="PASS" starttime="20231113 23:05:22.210" endtime="20231113 23:05:22.228"/>
</kw>
<status status="PASS" starttime="20231113 23:05:22.210" endtime="20231113 23:05:22.228"/>
</kw>
<kw name="Register Page Should Be Open" library="resource">
<kw name="Title Should Be" library="SeleniumLibrary">
<arg>Register</arg>
<doc>Verifies that the current page title equals ``title``.</doc>
<msg timestamp="20231113 23:05:22.232" level="INFO">Page title is 'Register'.</msg>
<status status="PASS" starttime="20231113 23:05:22.229" endtime="20231113 23:05:22.233"/>
</kw>
<status status="PASS" starttime="20231113 23:05:22.229" endtime="20231113 23:05:22.233"/>
</kw>
<status status="PASS" starttime="20231113 23:05:22.202" endtime="20231113 23:05:22.233"/>
</kw>
<kw name="Set Username">
<arg>ronaldo</arg>
<kw name="Input Text" library="SeleniumLibrary">
<arg>username</arg>
<arg>${username}</arg>
<doc>Types the given ``text`` into the text field identified by ``locator``.</doc>
<msg timestamp="20231113 23:05:22.234" level="INFO">Typing text 'ronaldo' into text field 'username'.</msg>
<status status="PASS" starttime="20231113 23:05:22.233" endtime="20231113 23:05:22.279"/>
</kw>
<status status="PASS" starttime="20231113 23:05:22.233" endtime="20231113 23:05:22.279"/>
</kw>
<kw name="Set Password">
<arg>ronaldoronaldo</arg>
<kw name="Input Password" library="SeleniumLibrary">
<arg>password</arg>
<arg>${password}</arg>
<doc>Types the given password into the text field identified by ``locator``.</doc>
<msg timestamp="20231113 23:05:22.280" level="INFO">Typing password into text field 'password'.</msg>
<msg timestamp="20231113 23:05:22.302" level="INFO">Temporally setting log level to: NONE</msg>
<msg timestamp="20231113 23:05:22.329" level="INFO">Log level changed from NONE to INFO.</msg>
<status status="PASS" starttime="20231113 23:05:22.280" endtime="20231113 23:05:22.329"/>
</kw>
<status status="PASS" starttime="20231113 23:05:22.280" endtime="20231113 23:05:22.329"/>
</kw>
<kw name="Set Password Confirmation">
<arg>ronaldoronaldo</arg>
<kw name="Input Password" library="SeleniumLibrary">
<arg>password_confirmation</arg>
<arg>${password_confirmation}</arg>
<doc>Types the given password into the text field identified by ``locator``.</doc>
<msg timestamp="20231113 23:05:22.330" level="INFO">Typing password into text field 'password_confirmation'.</msg>
<msg timestamp="20231113 23:05:22.350" level="INFO">Temporally setting log level to: NONE</msg>
<msg timestamp="20231113 23:05:22.377" level="INFO">Log level changed from NONE to INFO.</msg>
<status status="PASS" starttime="20231113 23:05:22.330" endtime="20231113 23:05:22.377"/>
</kw>
<status status="PASS" starttime="20231113 23:05:22.329" endtime="20231113 23:05:22.377"/>
</kw>
<kw name="Submit Credentials">
<kw name="Click Button" library="SeleniumLibrary">
<arg>Register</arg>
<doc>Clicks the button identified by ``locator``.</doc>
<msg timestamp="20231113 23:05:22.378" level="INFO">Clicking button 'Register'.</msg>
<status status="PASS" starttime="20231113 23:05:22.378" endtime="20231113 23:05:22.418"/>
</kw>
<status status="PASS" starttime="20231113 23:05:22.378" endtime="20231113 23:05:22.418"/>
</kw>
<kw name="Register Should Fail With Message">
<arg>Password minumum length is 8 characters and can't only contain letters</arg>
<kw name="Register Page Should Be Open" library="resource">
<kw name="Title Should Be" library="SeleniumLibrary">
<arg>Register</arg>
<doc>Verifies that the current page title equals ``title``.</doc>
<msg timestamp="20231113 23:05:22.421" level="INFO">Page title is 'Register'.</msg>
<status status="PASS" starttime="20231113 23:05:22.418" endtime="20231113 23:05:22.421"/>
</kw>
<status status="PASS" starttime="20231113 23:05:22.418" endtime="20231113 23:05:22.421"/>
</kw>
<kw name="Page Should Contain" library="SeleniumLibrary">
<arg>${message}</arg>
<doc>Verifies that current page contains ``text``.</doc>
<msg timestamp="20231113 23:05:22.432" level="INFO">Current page contains text 'Password minumum length is 8 characters and can't only contain letters'.</msg>
<status status="PASS" starttime="20231113 23:05:22.421" endtime="20231113 23:05:22.432"/>
</kw>
<status status="PASS" starttime="20231113 23:05:22.418" endtime="20231113 23:05:22.432"/>
</kw>
<status status="PASS" starttime="20231113 23:05:22.202" endtime="20231113 23:05:22.432"/>
</test>
<test id="s1-s3-t4" name="Register With Nonmatching Password And Password Confirmation" line="30">
<kw name="Create User And Go To Register Page" type="SETUP">
<kw name="Create User" library="AppLibrary">
<arg>kalle</arg>
<arg>kalle123</arg>
<status status="PASS" starttime="20231113 23:05:22.433" endtime="20231113 23:05:22.440"/>
</kw>
<kw name="Go To Register Page" library="resource">
<kw name="Go To" library="SeleniumLibrary">
<arg>${REGISTER_URL}</arg>
<doc>Navigates the current browser window to the provided ``url``.</doc>
<msg timestamp="20231113 23:05:22.441" level="INFO">Opening url 'http://localhost:5001/register'</msg>
<status status="PASS" starttime="20231113 23:05:22.440" endtime="20231113 23:05:22.452"/>
</kw>
<status status="PASS" starttime="20231113 23:05:22.440" endtime="20231113 23:05:22.452"/>
</kw>
<kw name="Register Page Should Be Open" library="resource">
<kw name="Title Should Be" library="SeleniumLibrary">
<arg>Register</arg>
<doc>Verifies that the current page title equals ``title``.</doc>
<msg timestamp="20231113 23:05:22.456" level="INFO">Page title is 'Register'.</msg>
<status status="PASS" starttime="20231113 23:05:22.452" endtime="20231113 23:05:22.456"/>
</kw>
<status status="PASS" starttime="20231113 23:05:22.452" endtime="20231113 23:05:22.456"/>
</kw>
<status status="PASS" starttime="20231113 23:05:22.433" endtime="20231113 23:05:22.456"/>
</kw>
<kw name="Set Username">
<arg>ronaldo</arg>
<kw name="Input Text" library="SeleniumLibrary">
<arg>username</arg>
<arg>${username}</arg>
<doc>Types the given ``text`` into the text field identified by ``locator``.</doc>
<msg timestamp="20231113 23:05:22.457" level="INFO">Typing text 'ronaldo' into text field 'username'.</msg>
<status status="PASS" starttime="20231113 23:05:22.456" endtime="20231113 23:05:22.502"/>
</kw>
<status status="PASS" starttime="20231113 23:05:22.456" endtime="20231113 23:05:22.502"/>
</kw>
<kw name="Set Password">
<arg>ronaldo1</arg>
<kw name="Input Password" library="SeleniumLibrary">
<arg>password</arg>
<arg>${password}</arg>
<doc>Types the given password into the text field identified by ``locator``.</doc>
<msg timestamp="20231113 23:05:22.503" level="INFO">Typing password into text field 'password'.</msg>
<msg timestamp="20231113 23:05:22.524" level="INFO">Temporally setting log level to: NONE</msg>
<msg timestamp="20231113 23:05:22.547" level="INFO">Log level changed from NONE to INFO.</msg>
<status status="PASS" starttime="20231113 23:05:22.502" endtime="20231113 23:05:22.547"/>
</kw>
<status status="PASS" starttime="20231113 23:05:22.502" endtime="20231113 23:05:22.547"/>
</kw>
<kw name="Set Password Confirmation">
<arg>ronaldo2</arg>
<kw name="Input Password" library="SeleniumLibrary">
<arg>password_confirmation</arg>
<arg>${password_confirmation}</arg>
<doc>Types the given password into the text field identified by ``locator``.</doc>
<msg timestamp="20231113 23:05:22.548" level="INFO">Typing password into text field 'password_confirmation'.</msg>
<msg timestamp="20231113 23:05:22.568" level="INFO">Temporally setting log level to: NONE</msg>
<msg timestamp="20231113 23:05:22.595" level="INFO">Log level changed from NONE to INFO.</msg>
<status status="PASS" starttime="20231113 23:05:22.548" endtime="20231113 23:05:22.595"/>
</kw>
<status status="PASS" starttime="20231113 23:05:22.547" endtime="20231113 23:05:22.595"/>
</kw>
<kw name="Submit Credentials">
<kw name="Click Button" library="SeleniumLibrary">
<arg>Register</arg>
<doc>Clicks the button identified by ``locator``.</doc>
<msg timestamp="20231113 23:05:22.596" level="INFO">Clicking button 'Register'.</msg>
<status status="PASS" starttime="20231113 23:05:22.595" endtime="20231113 23:05:22.636"/>
</kw>
<status status="PASS" starttime="20231113 23:05:22.595" endtime="20231113 23:05:22.636"/>
</kw>
<kw name="Register Should Fail With Message">
<arg>Password and Password confirmation don't match</arg>
<kw name="Register Page Should Be Open" library="resource">
<kw name="Title Should Be" library="SeleniumLibrary">
<arg>Register</arg>
<doc>Verifies that the current page title equals ``title``.</doc>
<msg timestamp="20231113 23:05:22.639" level="INFO">Page title is 'Register'.</msg>
<status status="PASS" starttime="20231113 23:05:22.637" endtime="20231113 23:05:22.640"/>
</kw>
<status status="PASS" starttime="20231113 23:05:22.637" endtime="20231113 23:05:22.640"/>
</kw>
<kw name="Page Should Contain" library="SeleniumLibrary">
<arg>${message}</arg>
<doc>Verifies that current page contains ``text``.</doc>
<msg timestamp="20231113 23:05:22.651" level="INFO">Current page contains text 'Password and Password confirmation don't match'.</msg>
<status status="PASS" starttime="20231113 23:05:22.640" endtime="20231113 23:05:22.651"/>
</kw>
<status status="PASS" starttime="20231113 23:05:22.636" endtime="20231113 23:05:22.651"/>
</kw>
<status status="PASS" starttime="20231113 23:05:22.432" endtime="20231113 23:05:22.652"/>
</test>
<test id="s1-s3-t5" name="Login After Successful Registration" line="37">
<kw name="Create User And Go To Register Page" type="SETUP">
<kw name="Create User" library="AppLibrary">
<arg>kalle</arg>
<arg>kalle123</arg>
<status status="PASS" starttime="20231113 23:05:22.653" endtime="20231113 23:05:22.660"/>
</kw>
<kw name="Go To Register Page" library="resource">
<kw name="Go To" library="SeleniumLibrary">
<arg>${REGISTER_URL}</arg>
<doc>Navigates the current browser window to the provided ``url``.</doc>
<msg timestamp="20231113 23:05:22.660" level="INFO">Opening url 'http://localhost:5001/register'</msg>
<status status="PASS" starttime="20231113 23:05:22.660" endtime="20231113 23:05:22.670"/>
</kw>
<status status="PASS" starttime="20231113 23:05:22.660" endtime="20231113 23:05:22.670"/>
</kw>
<kw name="Register Page Should Be Open" library="resource">
<kw name="Title Should Be" library="SeleniumLibrary">
<arg>Register</arg>
<doc>Verifies that the current page title equals ``title``.</doc>
<msg timestamp="20231113 23:05:22.673" level="INFO">Page title is 'Register'.</msg>
<status status="PASS" starttime="20231113 23:05:22.671" endtime="20231113 23:05:22.673"/>
</kw>
<status status="PASS" starttime="20231113 23:05:22.670" endtime="20231113 23:05:22.673"/>
</kw>
<status status="PASS" starttime="20231113 23:05:22.652" endtime="20231113 23:05:22.673"/>
</kw>
<kw name="Set Username">
<arg>ronaldo</arg>
<kw name="Input Text" library="SeleniumLibrary">
<arg>username</arg>
<arg>${username}</arg>
<doc>Types the given ``text`` into the text field identified by ``locator``.</doc>
<msg timestamp="20231113 23:05:22.674" level="INFO">Typing text 'ronaldo' into text field 'username'.</msg>
<status status="PASS" starttime="20231113 23:05:22.674" endtime="20231113 23:05:22.720"/>
</kw>
<status status="PASS" starttime="20231113 23:05:22.673" endtime="20231113 23:05:22.720"/>
</kw>
<kw name="Set Password">
<arg>ronaldo1</arg>
<kw name="Input Password" library="SeleniumLibrary">
<arg>password</arg>
<arg>${password}</arg>
<doc>Types the given password into the text field identified by ``locator``.</doc>
<msg timestamp="20231113 23:05:22.721" level="INFO">Typing password into text field 'password'.</msg>
<msg timestamp="20231113 23:05:22.743" level="INFO">Temporally setting log level to: NONE</msg>
<msg timestamp="20231113 23:05:22.766" level="INFO">Log level changed from NONE to INFO.</msg>
<status status="PASS" starttime="20231113 23:05:22.720" endtime="20231113 23:05:22.766"/>
</kw>
<status status="PASS" starttime="20231113 23:05:22.720" endtime="20231113 23:05:22.766"/>
</kw>
<kw name="Set Password Confirmation">
<arg>ronaldo1</arg>
<kw name="Input Password" library="SeleniumLibrary">
<arg>password_confirmation</arg>
<arg>${password_confirmation}</arg>
<doc>Types the given password into the text field identified by ``locator``.</doc>
<msg timestamp="20231113 23:05:22.767" level="INFO">Typing password into text field 'password_confirmation'.</msg>
<msg timestamp="20231113 23:05:22.788" level="INFO">Temporally setting log level to: NONE</msg>
<msg timestamp="20231113 23:05:22.813" level="INFO">Log level changed from NONE to INFO.</msg>
<status status="PASS" starttime="20231113 23:05:22.766" endtime="20231113 23:05:22.814"/>
</kw>
<status status="PASS" starttime="20231113 23:05:22.766" endtime="20231113 23:05:22.814"/>
</kw>
<kw name="Submit Credentials">
<kw name="Click Button" library="SeleniumLibrary">
<arg>Register</arg>
<doc>Clicks the button identified by ``locator``.</doc>
<msg timestamp="20231113 23:05:22.815" level="INFO">Clicking button 'Register'.</msg>
<status status="PASS" starttime="20231113 23:05:22.814" endtime="20231113 23:05:22.856"/>
</kw>
<status status="PASS" starttime="20231113 23:05:22.814" endtime="20231113 23:05:22.856"/>
</kw>
<kw name="Register Should Succeed">
<kw name="Welcome Page Should Be Open" library="resource">
<kw name="Title Should Be" library="SeleniumLibrary">
<arg>Welcome to Ohtu Application!</arg>
<doc>Verifies that the current page title equals ``title``.</doc>
<msg timestamp="20231113 23:05:22.859" level="INFO">Page title is 'Welcome to Ohtu Application!'.</msg>
<status status="PASS" starttime="20231113 23:05:22.856" endtime="20231113 23:05:22.859"/>
</kw>
<status status="PASS" starttime="20231113 23:05:22.856" endtime="20231113 23:05:22.859"/>
</kw>
<status status="PASS" starttime="20231113 23:05:22.856" endtime="20231113 23:05:22.859"/>
</kw>
<kw name="Go to Main Page" library="resource">
<kw name="Go To" library="SeleniumLibrary">
<arg>${MAIN_URL}</arg>
<doc>Navigates the current browser window to the provided ``url``.</doc>
<msg timestamp="20231113 23:05:22.860" level="INFO">Opening url 'http://localhost:5001/ohtu'</msg>
<status status="PASS" starttime="20231113 23:05:22.860" endtime="20231113 23:05:22.869"/>
</kw>
<status status="PASS" starttime="20231113 23:05:22.859" endtime="20231113 23:05:22.869"/>
</kw>
<kw name="Click Button" library="SeleniumLibrary">
<arg>Logout</arg>
<doc>Clicks the button identified by ``locator``.</doc>
<msg timestamp="20231113 23:05:22.869" level="INFO">Clicking button 'Logout'.</msg>
<status status="PASS" starttime="20231113 23:05:22.869" endtime="20231113 23:05:22.917"/>
</kw>
<kw name="Logout Should Succeed">
<kw name="Login Page Should Be Open" library="resource">
<kw name="Title Should Be" library="SeleniumLibrary">
<arg>Login</arg>
<doc>Verifies that the current page title equals ``title``.</doc>
<msg timestamp="20231113 23:05:22.921" level="INFO">Page title is 'Login'.</msg>
<status status="PASS" starttime="20231113 23:05:22.918" endtime="20231113 23:05:22.921"/>
</kw>
<status status="PASS" starttime="20231113 23:05:22.918" endtime="20231113 23:05:22.921"/>
</kw>
<status status="PASS" starttime="20231113 23:05:22.918" endtime="20231113 23:05:22.921"/>
</kw>
<kw name="Set Username">
<arg>ronaldo</arg>
<kw name="Input Text" library="SeleniumLibrary">
<arg>username</arg>
<arg>${username}</arg>
<doc>Types the given ``text`` into the text field identified by ``locator``.</doc>
<msg timestamp="20231113 23:05:22.922" level="INFO">Typing text 'ronaldo' into text field 'username'.</msg>
<status status="PASS" starttime="20231113 23:05:22.922" endtime="20231113 23:05:22.966"/>
</kw>
<status status="PASS" starttime="20231113 23:05:22.921" endtime="20231113 23:05:22.966"/>
</kw>
<kw name="Set Password">
<arg>ronaldo1</arg>
<kw name="Input Password" library="SeleniumLibrary">
<arg>password</arg>
<arg>${password}</arg>
<doc>Types the given password into the text field identified by ``locator``.</doc>
<msg timestamp="20231113 23:05:22.967" level="INFO">Typing password into text field 'password'.</msg>
<msg timestamp="20231113 23:05:22.989" level="INFO">Temporally setting log level to: NONE</msg>
<msg timestamp="20231113 23:05:23.012" level="INFO">Log level changed from NONE to INFO.</msg>
<status status="PASS" starttime="20231113 23:05:22.967" endtime="20231113 23:05:23.012"/>
</kw>
<status status="PASS" starttime="20231113 23:05:22.966" endtime="20231113 23:05:23.012"/>
</kw>
<kw name="Submit Credentials Login">
<kw name="Click Button" library="SeleniumLibrary">
<arg>Login</arg>
<doc>Clicks the button identified by ``locator``.</doc>
<msg timestamp="20231113 23:05:23.013" level="INFO">Clicking button 'Login'.</msg>
<status status="PASS" starttime="20231113 23:05:23.013" endtime="20231113 23:05:23.063"/>
</kw>
<status status="PASS" starttime="20231113 23:05:23.013" endtime="20231113 23:05:23.063"/>
</kw>
<kw name="Login Should Succeed">
<kw name="Main Page Should Be Open" library="resource">
<kw name="Title Should Be" library="SeleniumLibrary">
<arg>Ohtu Application main page</arg>
<doc>Verifies that the current page title equals ``title``.</doc>
<msg timestamp="20231113 23:05:23.067" level="INFO">Page title is 'Ohtu Application main page'.</msg>
<status status="PASS" starttime="20231113 23:05:23.064" endtime="20231113 23:05:23.067"/>
</kw>
<status status="PASS" starttime="20231113 23:05:23.064" endtime="20231113 23:05:23.067"/>
</kw>
<status status="PASS" starttime="20231113 23:05:23.063" endtime="20231113 23:05:23.067"/>
</kw>
<status status="PASS" starttime="20231113 23:05:22.652" endtime="20231113 23:05:23.067"/>
</test>
<test id="s1-s3-t6" name="Login After Failed Registration" line="52">
<kw name="Create User And Go To Register Page" type="SETUP">
<kw name="Create User" library="AppLibrary">
<arg>kalle</arg>
<arg>kalle123</arg>
<status status="PASS" starttime="20231113 23:05:23.068" endtime="20231113 23:05:23.076"/>
</kw>
<kw name="Go To Register Page" library="resource">
<kw name="Go To" library="SeleniumLibrary">
<arg>${REGISTER_URL}</arg>
<doc>Navigates the current browser window to the provided ``url``.</doc>
<msg timestamp="20231113 23:05:23.076" level="INFO">Opening url 'http://localhost:5001/register'</msg>
<status status="PASS" starttime="20231113 23:05:23.076" endtime="20231113 23:05:23.086"/>
</kw>
<status status="PASS" starttime="20231113 23:05:23.076" endtime="20231113 23:05:23.086"/>
</kw>
<kw name="Register Page Should Be Open" library="resource">
<kw name="Title Should Be" library="SeleniumLibrary">
<arg>Register</arg>
<doc>Verifies that the current page title equals ``title``.</doc>
<msg timestamp="20231113 23:05:23.089" level="INFO">Page title is 'Register'.</msg>
<status status="PASS" starttime="20231113 23:05:23.087" endtime="20231113 23:05:23.089"/>
</kw>
<status status="PASS" starttime="20231113 23:05:23.086" endtime="20231113 23:05:23.090"/>
</kw>
<status status="PASS" starttime="20231113 23:05:23.068" endtime="20231113 23:05:23.090"/>
</kw>
<kw name="Set Username">
<arg>ronaldo</arg>
<kw name="Input Text" library="SeleniumLibrary">
<arg>username</arg>
<arg>${username}</arg>
<doc>Types the given ``text`` into the text field identified by ``locator``.</doc>
<msg timestamp="20231113 23:05:23.090" level="INFO">Typing text 'ronaldo' into text field 'username'.</msg>
<status status="PASS" starttime="20231113 23:05:23.090" endtime="20231113 23:05:23.136"/>
</kw>
<status status="PASS" starttime="20231113 23:05:23.090" endtime="20231113 23:05:23.137"/>
</kw>
<kw name="Set Password">
<arg>ronaldo1</arg>
<kw name="Input Password" library="SeleniumLibrary">
<arg>password</arg>
<arg>${password}</arg>
<doc>Types the given password into the text field identified by ``locator``.</doc>
<msg timestamp="20231113 23:05:23.138" level="INFO">Typing password into text field 'password'.</msg>
<msg timestamp="20231113 23:05:23.158" level="INFO">Temporally setting log level to: NONE</msg>
<msg timestamp="20231113 23:05:23.183" level="INFO">Log level changed from NONE to INFO.</msg>
<status status="PASS" starttime="20231113 23:05:23.137" endtime="20231113 23:05:23.183"/>
</kw>
<status status="PASS" starttime="20231113 23:05:23.137" endtime="20231113 23:05:23.183"/>
</kw>
<kw name="Set Password Confirmation">
<arg>ronaldo2</arg>
<kw name="Input Password" library="SeleniumLibrary">
<arg>password_confirmation</arg>
<arg>${password_confirmation}</arg>
<doc>Types the given password into the text field identified by ``locator``.</doc>
<msg timestamp="20231113 23:05:23.184" level="INFO">Typing password into text field 'password_confirmation'.</msg>
<msg timestamp="20231113 23:05:23.206" level="INFO">Temporally setting log level to: NONE</msg>
<msg timestamp="20231113 23:05:23.230" level="INFO">Log level changed from NONE to INFO.</msg>
<status status="PASS" starttime="20231113 23:05:23.183" endtime="20231113 23:05:23.230"/>
</kw>
<status status="PASS" starttime="20231113 23:05:23.183" endtime="20231113 23:05:23.230"/>
</kw>
<kw name="Submit Credentials">
<kw name="Click Button" library="SeleniumLibrary">
<arg>Register</arg>
<doc>Clicks the button identified by ``locator``.</doc>
<msg timestamp="20231113 23:05:23.231" level="INFO">Clicking button 'Register'.</msg>
<status status="PASS" starttime="20231113 23:05:23.230" endtime="20231113 23:05:23.270"/>
</kw>
<status status="PASS" starttime="20231113 23:05:23.230" endtime="20231113 23:05:23.270"/>
</kw>
<kw name="Register Should Fail With Message">
<arg>Password and Password confirmation don't match</arg>
<kw name="Register Page Should Be Open" library="resource">
<kw name="Title Should Be" library="SeleniumLibrary">
<arg>Register</arg>
<doc>Verifies that the current page title equals ``title``.</doc>
<msg timestamp="20231113 23:05:23.274" level="INFO">Page title is 'Register'.</msg>
<status status="PASS" starttime="20231113 23:05:23.271" endtime="20231113 23:05:23.274"/>
</kw>
<status status="PASS" starttime="20231113 23:05:23.271" endtime="20231113 23:05:23.274"/>
</kw>
<kw name="Page Should Contain" library="SeleniumLibrary">
<arg>${message}</arg>
<doc>Verifies that current page contains ``text``.</doc>
<msg timestamp="20231113 23:05:23.281" level="INFO">Current page contains text 'Password and Password confirmation don't match'.</msg>
<status status="PASS" starttime="20231113 23:05:23.274" endtime="20231113 23:05:23.282"/>
</kw>
<status status="PASS" starttime="20231113 23:05:23.271" endtime="20231113 23:05:23.282"/>
</kw>
<kw name="Click Link" library="SeleniumLibrary">
<arg>Login</arg>
<doc>Clicks a link identified by ``locator``.</doc>
<msg timestamp="20231113 23:05:23.282" level="INFO">Clicking link 'Login'.</msg>
<status status="PASS" starttime="20231113 23:05:23.282" endtime="20231113 23:05:23.321"/>
</kw>
<kw name="Set Username">
<arg>ronaldo</arg>
<kw name="Input Text" library="SeleniumLibrary">
<arg>username</arg>
<arg>${username}</arg>
<doc>Types the given ``text`` into the text field identified by ``locator``.</doc>
<msg timestamp="20231113 23:05:23.322" level="INFO">Typing text 'ronaldo' into text field 'username'.</msg>
<status status="PASS" starttime="20231113 23:05:23.322" endtime="20231113 23:05:23.366"/>
</kw>
<status status="PASS" starttime="20231113 23:05:23.321" endtime="20231113 23:05:23.366"/>
</kw>
<kw name="Set Password">
<arg>ronaldo1</arg>
<kw name="Input Password" library="SeleniumLibrary">
<arg>password</arg>
<arg>${password}</arg>
<doc>Types the given password into the text field identified by ``locator``.</doc>
<msg timestamp="20231113 23:05:23.367" level="INFO">Typing password into text field 'password'.</msg>
<msg timestamp="20231113 23:05:23.389" level="INFO">Temporally setting log level to: NONE</msg>
<msg timestamp="20231113 23:05:23.412" level="INFO">Log level changed from NONE to INFO.</msg>
<status status="PASS" starttime="20231113 23:05:23.366" endtime="20231113 23:05:23.412"/>
</kw>
<status status="PASS" starttime="20231113 23:05:23.366" endtime="20231113 23:05:23.413"/>
</kw>
<kw name="Submit Credentials Login">
<kw name="Click Button" library="SeleniumLibrary">
<arg>Login</arg>
<doc>Clicks the button identified by ``locator``.</doc>
<msg timestamp="20231113 23:05:23.413" level="INFO">Clicking button 'Login'.</msg>
<status status="PASS" starttime="20231113 23:05:23.413" endtime="20231113 23:05:23.453"/>
</kw>
<status status="PASS" starttime="20231113 23:05:23.413" endtime="20231113 23:05:23.453"/>
</kw>
<kw name="Login Should Fail With Message">
<arg>Invalid username or password</arg>
<kw name="Login Page Should Be Open" library="resource">
<kw name="Title Should Be" library="SeleniumLibrary">
<arg>Login</arg>
<doc>Verifies that the current page title equals ``title``.</doc>
<msg timestamp="20231113 23:05:23.457" level="INFO">Page title is 'Login'.</msg>
<status status="PASS" starttime="20231113 23:05:23.454" endtime="20231113 23:05:23.457"/>
</kw>
<status status="PASS" starttime="20231113 23:05:23.454" endtime="20231113 23:05:23.457"/>
</kw>
<kw name="Page Should Contain" library="SeleniumLibrary">
<arg>${message}</arg>
<doc>Verifies that current page contains ``text``.</doc>
<msg timestamp="20231113 23:05:23.468" level="INFO">Current page contains text 'Invalid username or password'.</msg>
<status status="PASS" starttime="20231113 23:05:23.457" endtime="20231113 23:05:23.468"/>
</kw>
<status status="PASS" starttime="20231113 23:05:23.454" endtime="20231113 23:05:23.468"/>
</kw>
<status status="PASS" starttime="20231113 23:05:23.067" endtime="20231113 23:05:23.468"/>
</test>
<kw name="Close Browser" library="SeleniumLibrary" type="TEARDOWN">
<doc>Closes the current browser.</doc>
<status status="PASS" starttime="20231113 23:05:23.469" endtime="20231113 23:05:23.530"/>
</kw>
<status status="PASS" starttime="20231113 23:05:20.885" endtime="20231113 23:05:23.530"/>
</suite>
<status status="PASS" starttime="20231113 23:05:18.325" endtime="20231113 23:05:23.532"/>
</suite>
<statistics>
<total>
<stat pass="11" fail="0" skip="0">All Tests</stat>
</total>
<tag>
</tag>
<suite>
<stat pass="11" fail="0" skip="0" id="s1" name="Tests">Tests</stat>
<stat pass="2" fail="0" skip="0" id="s1-s1" name="Home">Tests.Home</stat>
<stat pass="3" fail="0" skip="0" id="s1-s2" name="Login">Tests.Login</stat>
<stat pass="6" fail="0" skip="0" id="s1-s3" name="Register">Tests.Register</stat>
</suite>
</statistics>
<errors>
</errors>
</robot>
