<?xml version="1.0" encoding="UTF-8"?>
<robot generator="Robot 6.1.1 (Python 3.10.12 on linux)" generated="20231113 18:45:35.704" rpa="false" schemaversion="4">
<suite id="s1" name="Tests" source="/home/itadji/Ohtu/palautusrepositorio/viikko3/login-robot/src/tests">
<suite id="s1-s1" name="Login" source="/home/itadji/Ohtu/palautusrepositorio/viikko3/login-robot/src/tests/login.robot">
<test id="s1-s1-t1" name="Login With Correct Credentials" line="6">
<kw name="Create User And Input Login Command" type="SETUP">
<kw name="Create User" library="AppLibrary">
<arg>kalle</arg>
<arg>kalle123</arg>
<status status="PASS" starttime="20231113 18:45:35.719" endtime="20231113 18:45:35.719"/>
</kw>
<kw name="Input Login Command" library="resource">
<kw name="Input" library="AppLibrary">
<arg>login</arg>
<status status="PASS" starttime="20231113 18:45:35.719" endtime="20231113 18:45:35.719"/>
</kw>
<status status="PASS" starttime="20231113 18:45:35.719" endtime="20231113 18:45:35.719"/>
</kw>
<status status="PASS" starttime="20231113 18:45:35.719" endtime="20231113 18:45:35.719"/>
</kw>
<kw name="Input Credentials" library="resource">
<arg>kalle</arg>
<arg>kalle123</arg>
<kw name="Input" library="AppLibrary">
<arg>${username}</arg>
<status status="PASS" starttime="20231113 18:45:35.720" endtime="20231113 18:45:35.720"/>
</kw>
<kw name="Input" library="AppLibrary">
<arg>${password}</arg>
<status status="PASS" starttime="20231113 18:45:35.720" endtime="20231113 18:45:35.720"/>
</kw>
<kw name="Run Application" library="AppLibrary">
<status status="PASS" starttime="20231113 18:45:35.720" endtime="20231113 18:45:35.720"/>
</kw>
<status status="PASS" starttime="20231113 18:45:35.719" endtime="20231113 18:45:35.720"/>
</kw>
<kw name="Output Should Contain" library="AppLibrary">
<arg>Logged in</arg>
<status status="PASS" starttime="20231113 18:45:35.720" endtime="20231113 18:45:35.720"/>
</kw>
<status status="PASS" starttime="20231113 18:45:35.718" endtime="20231113 18:45:35.720"/>
</test>
<test id="s1-s1-t2" name="Login With Incorrect Password" line="10">
<kw name="Create User And Input Login Command" type="SETUP">
<kw name="Create User" library="AppLibrary">
<arg>kalle</arg>
<arg>kalle123</arg>
<status status="PASS" starttime="20231113 18:45:35.721" endtime="20231113 18:45:35.721"/>
</kw>
<kw name="Input Login Command" library="resource">
<kw name="Input" library="AppLibrary">
<arg>login</arg>
<status status="PASS" starttime="20231113 18:45:35.721" endtime="20231113 18:45:35.721"/>
</kw>
<status status="PASS" starttime="20231113 18:45:35.721" endtime="20231113 18:45:35.721"/>
</kw>
<status status="PASS" starttime="20231113 18:45:35.721" endtime="20231113 18:45:35.721"/>
</kw>
<kw name="Input Credentials" library="resource">
<arg>kalle</arg>
<arg>klle123</arg>
<kw name="Input" library="AppLibrary">
<arg>${username}</arg>
<status status="PASS" starttime="20231113 18:45:35.721" endtime="20231113 18:45:35.721"/>
</kw>
<kw name="Input" library="AppLibrary">
<arg>${password}</arg>
<status status="PASS" starttime="20231113 18:45:35.721" endtime="20231113 18:45:35.721"/>
</kw>
<kw name="Run Application" library="AppLibrary">
<status status="PASS" starttime="20231113 18:45:35.721" endtime="20231113 18:45:35.722"/>
</kw>
<status status="PASS" starttime="20231113 18:45:35.721" endtime="20231113 18:45:35.722"/>
</kw>
<kw name="Output Should Contain" library="AppLibrary">
<arg>Invalid username or password</arg>
<status status="PASS" starttime="20231113 18:45:35.722" endtime="20231113 18:45:35.722"/>
</kw>
<status status="PASS" starttime="20231113 18:45:35.720" endtime="20231113 18:45:35.722"/>
</test>
<test id="s1-s1-t3" name="Login With Nonexistent Username" line="14">
<kw name="Create User And Input Login Command" type="SETUP">
<kw name="Create User" library="AppLibrary">
<arg>kalle</arg>
<arg>kalle123</arg>
<status status="PASS" starttime="20231113 18:45:35.722" endtime="20231113 18:45:35.722"/>
</kw>
<kw name="Input Login Command" library="resource">
<kw name="Input" library="AppLibrary">
<arg>login</arg>
<status status="PASS" starttime="20231113 18:45:35.722" endtime="20231113 18:45:35.722"/>
</kw>
<status status="PASS" starttime="20231113 18:45:35.722" endtime="20231113 18:45:35.722"/>
</kw>
<status status="PASS" starttime="20231113 18:45:35.722" endtime="20231113 18:45:35.723"/>
</kw>
<kw name="Input Credentials" library="resource">
<arg>klle</arg>
<arg>kalle123</arg>
<kw name="Input" library="AppLibrary">
<arg>${username}</arg>
<status status="PASS" starttime="20231113 18:45:35.723" endtime="20231113 18:45:35.723"/>
</kw>
<kw name="Input" library="AppLibrary">
<arg>${password}</arg>
<status status="PASS" starttime="20231113 18:45:35.723" endtime="20231113 18:45:35.723"/>
</kw>
<kw name="Run Application" library="AppLibrary">
<status status="PASS" starttime="20231113 18:45:35.723" endtime="20231113 18:45:35.723"/>
</kw>
<status status="PASS" starttime="20231113 18:45:35.723" endtime="20231113 18:45:35.723"/>
</kw>
<kw name="Output Should Contain" library="AppLibrary">
<arg>Invalid username or password</arg>
<status status="PASS" starttime="20231113 18:45:35.723" endtime="20231113 18:45:35.723"/>
</kw>
<status status="PASS" starttime="20231113 18:45:35.722" endtime="20231113 18:45:35.723"/>
</test>
<status status="PASS" starttime="20231113 18:45:35.715" endtime="20231113 18:45:35.723"/>
</suite>
<suite id="s1-s2" name="Register" source="/home/itadji/Ohtu/palautusrepositorio/viikko3/login-robot/src/tests/register.robot">
<test id="s1-s2-t1" name="Register With Valid Username And Password" line="6">
<kw name="Create User And Input Register Command" type="SETUP">
<kw name="Create User" library="AppLibrary">
<arg>kalle</arg>
<arg>kalle123</arg>
<status status="PASS" starttime="20231113 18:45:35.725" endtime="20231113 18:45:35.725"/>
</kw>
<kw name="Input Register Command" library="resource">
<kw name="Input" library="AppLibrary">
<arg>new</arg>
<status status="PASS" starttime="20231113 18:45:35.725" endtime="20231113 18:45:35.726"/>
</kw>
<status status="PASS" starttime="20231113 18:45:35.725" endtime="20231113 18:45:35.726"/>
</kw>
<status status="PASS" starttime="20231113 18:45:35.725" endtime="20231113 18:45:35.726"/>
</kw>
<kw name="Input Credentials" library="resource">
<arg>ronaldo</arg>
<arg>ronaldo123</arg>
<kw name="Input" library="AppLibrary">
<arg>${username}</arg>
<status status="PASS" starttime="20231113 18:45:35.726" endtime="20231113 18:45:35.726"/>
</kw>
<kw name="Input" library="AppLibrary">
<arg>${password}</arg>
<status status="PASS" starttime="20231113 18:45:35.726" endtime="20231113 18:45:35.726"/>
</kw>
<kw name="Run Application" library="AppLibrary">
<status status="PASS" starttime="20231113 18:45:35.726" endtime="20231113 18:45:35.726"/>
</kw>
<status status="PASS" starttime="20231113 18:45:35.726" endtime="20231113 18:45:35.726"/>
</kw>
<kw name="Output Should Contain" library="AppLibrary">
<arg>New user registered</arg>
<status status="PASS" starttime="20231113 18:45:35.726" endtime="20231113 18:45:35.726"/>
</kw>
<status status="PASS" starttime="20231113 18:45:35.725" endtime="20231113 18:45:35.726"/>
</test>
<test id="s1-s2-t2" name="Register With Already Taken Username And Valid Password" line="10">
<kw name="Create User And Input Register Command" type="SETUP">
<kw name="Create User" library="AppLibrary">
<arg>kalle</arg>
<arg>kalle123</arg>
<status status="PASS" starttime="20231113 18:45:35.727" endtime="20231113 18:45:35.727"/>
</kw>
<kw name="Input Register Command" library="resource">
<kw name="Input" library="AppLibrary">
<arg>new</arg>
<status status="PASS" starttime="20231113 18:45:35.727" endtime="20231113 18:45:35.727"/>
</kw>
<status status="PASS" starttime="20231113 18:45:35.727" endtime="20231113 18:45:35.727"/>
</kw>
<status status="PASS" starttime="20231113 18:45:35.727" endtime="20231113 18:45:35.727"/>
</kw>
<kw name="Input Credentials" library="resource">
<arg>kalle</arg>
<arg>ronaldo123</arg>
<kw name="Input" library="AppLibrary">
<arg>${username}</arg>
<status status="PASS" starttime="20231113 18:45:35.727" endtime="20231113 18:45:35.727"/>
</kw>
<kw name="Input" library="AppLibrary">
<arg>${password}</arg>
<status status="PASS" starttime="20231113 18:45:35.728" endtime="20231113 18:45:35.728"/>
</kw>
<kw name="Run Application" library="AppLibrary">
<status status="PASS" starttime="20231113 18:45:35.728" endtime="20231113 18:45:35.728"/>
</kw>
<status status="PASS" starttime="20231113 18:45:35.727" endtime="20231113 18:45:35.728"/>
</kw>
<kw name="Output Should Contain" library="AppLibrary">
<arg>User with username kalle already exists</arg>
<status status="PASS" starttime="20231113 18:45:35.728" endtime="20231113 18:45:35.728"/>
</kw>
<status status="PASS" starttime="20231113 18:45:35.727" endtime="20231113 18:45:35.728"/>
</test>
<test id="s1-s2-t3" name="Register With Too Short Username And Valid Password" line="14">
<kw name="Create User And Input Register Command" type="SETUP">
<kw name="Create User" library="AppLibrary">
<arg>kalle</arg>
<arg>kalle123</arg>
<status status="PASS" starttime="20231113 18:45:35.729" endtime="20231113 18:45:35.729"/>
</kw>
<kw name="Input Register Command" library="resource">
<kw name="Input" library="AppLibrary">
<arg>new</arg>
<status status="PASS" starttime="20231113 18:45:35.729" endtime="20231113 18:45:35.729"/>
</kw>
<status status="PASS" starttime="20231113 18:45:35.729" endtime="20231113 18:45:35.729"/>
</kw>
<status status="PASS" starttime="20231113 18:45:35.728" endtime="20231113 18:45:35.729"/>
</kw>
<kw name="Input Credentials" library="resource">
<arg>ro</arg>
<arg>ronaldo123</arg>
<kw name="Input" library="AppLibrary">
<arg>${username}</arg>
<status status="PASS" starttime="20231113 18:45:35.729" endtime="20231113 18:45:35.729"/>
</kw>
<kw name="Input" library="AppLibrary">
<arg>${password}</arg>
<status status="PASS" starttime="20231113 18:45:35.729" endtime="20231113 18:45:35.729"/>
</kw>
<kw name="Run Application" library="AppLibrary">
<status status="PASS" starttime="20231113 18:45:35.729" endtime="20231113 18:45:35.729"/>
</kw>
<status status="PASS" starttime="20231113 18:45:35.729" endtime="20231113 18:45:35.729"/>
</kw>
<kw name="Output Should Contain" library="AppLibrary">
<arg>Username has to be atleast 3 characters long and contain characters from a-z</arg>
<status status="PASS" starttime="20231113 18:45:35.730" endtime="20231113 18:45:35.730"/>
</kw>
<status status="PASS" starttime="20231113 18:45:35.728" endtime="20231113 18:45:35.730"/>
</test>
<test id="s1-s2-t4" name="Register With Enough Long But Invald Username And Valid Password" line="18">
<kw name="Create User And Input Register Command" type="SETUP">
<kw name="Create User" library="AppLibrary">
<arg>kalle</arg>
<arg>kalle123</arg>
<status status="PASS" starttime="20231113 18:45:35.730" endtime="20231113 18:45:35.730"/>
</kw>
<kw name="Input Register Command" library="resource">
<kw name="Input" library="AppLibrary">
<arg>new</arg>
<status status="PASS" starttime="20231113 18:45:35.730" endtime="20231113 18:45:35.730"/>
</kw>
<status status="PASS" starttime="20231113 18:45:35.730" endtime="20231113 18:45:35.730"/>
</kw>
<status status="PASS" starttime="20231113 18:45:35.730" endtime="20231113 18:45:35.730"/>
</kw>
<kw name="Input Credentials" library="resource">
<arg>""ronaldo</arg>
<arg>ronaldo123</arg>
<kw name="Input" library="AppLibrary">
<arg>${username}</arg>
<status status="PASS" starttime="20231113 18:45:35.731" endtime="20231113 18:45:35.731"/>
</kw>
<kw name="Input" library="AppLibrary">
<arg>${password}</arg>
<status status="PASS" starttime="20231113 18:45:35.731" endtime="20231113 18:45:35.731"/>
</kw>
<kw name="Run Application" library="AppLibrary">
<status status="PASS" starttime="20231113 18:45:35.731" endtime="20231113 18:45:35.731"/>
</kw>
<status status="PASS" starttime="20231113 18:45:35.731" endtime="20231113 18:45:35.731"/>
</kw>
<kw name="Output Should Contain" library="AppLibrary">
<arg>Username has to be atleast 3 characters long and contain characters from a-z</arg>
<status status="PASS" starttime="20231113 18:45:35.731" endtime="20231113 18:45:35.731"/>
</kw>
<status status="PASS" starttime="20231113 18:45:35.730" endtime="20231113 18:45:35.731"/>
</test>
<test id="s1-s2-t5" name="Register With Valid Username And Too Short Password" line="22">
<kw name="Create User And Input Register Command" type="SETUP">
<kw name="Create User" library="AppLibrary">
<arg>kalle</arg>
<arg>kalle123</arg>
<status status="PASS" starttime="20231113 18:45:35.732" endtime="20231113 18:45:35.732"/>
</kw>
<kw name="Input Register Command" library="resource">
<kw name="Input" library="AppLibrary">
<arg>new</arg>
<status status="PASS" starttime="20231113 18:45:35.732" endtime="20231113 18:45:35.732"/>
</kw>
<status status="PASS" starttime="20231113 18:45:35.732" endtime="20231113 18:45:35.732"/>
</kw>
<status status="PASS" starttime="20231113 18:45:35.731" endtime="20231113 18:45:35.732"/>
</kw>
<kw name="Input Credentials" library="resource">
<arg>ronaldo</arg>
<arg>ro123</arg>
<kw name="Input" library="AppLibrary">
<arg>${username}</arg>
<status status="PASS" starttime="20231113 18:45:35.732" endtime="20231113 18:45:35.732"/>
</kw>
<kw name="Input" library="AppLibrary">
<arg>${password}</arg>
<status status="PASS" starttime="20231113 18:45:35.732" endtime="20231113 18:45:35.732"/>
</kw>
<kw name="Run Application" library="AppLibrary">
<status status="PASS" starttime="20231113 18:45:35.732" endtime="20231113 18:45:35.732"/>
</kw>
<status status="PASS" starttime="20231113 18:45:35.732" endtime="20231113 18:45:35.732"/>
</kw>
<kw name="Output Should Contain" library="AppLibrary">
<arg>Password minumum length is 8 characters and has to contain a letter and number</arg>
<status status="PASS" starttime="20231113 18:45:35.732" endtime="20231113 18:45:35.732"/>
</kw>
<status status="PASS" starttime="20231113 18:45:35.731" endtime="20231113 18:45:35.733"/>
</test>
<test id="s1-s2-t6" name="Register With Valid Username And Long Enough Password Containing Only Letters" line="26">
<kw name="Create User And Input Register Command" type="SETUP">
<kw name="Create User" library="AppLibrary">
<arg>kalle</arg>
<arg>kalle123</arg>
<status status="PASS" starttime="20231113 18:45:35.733" endtime="20231113 18:45:35.733"/>
</kw>
<kw name="Input Register Command" library="resource">
<kw name="Input" library="AppLibrary">
<arg>new</arg>
<status status="PASS" starttime="20231113 18:45:35.733" endtime="20231113 18:45:35.733"/>
</kw>
<status status="PASS" starttime="20231113 18:45:35.733" endtime="20231113 18:45:35.733"/>
</kw>
<status status="PASS" starttime="20231113 18:45:35.733" endtime="20231113 18:45:35.733"/>
</kw>
<kw name="Input Credentials" library="resource">
<arg>ronaldo</arg>
<arg>RoNaLDOOOO</arg>
<kw name="Input" library="AppLibrary">
<arg>${username}</arg>
<status status="PASS" starttime="20231113 18:45:35.734" endtime="20231113 18:45:35.734"/>
</kw>
<kw name="Input" library="AppLibrary">
<arg>${password}</arg>
<status status="PASS" starttime="20231113 18:45:35.734" endtime="20231113 18:45:35.734"/>
</kw>
<kw name="Run Application" library="AppLibrary">
<status status="PASS" starttime="20231113 18:45:35.734" endtime="20231113 18:45:35.734"/>
</kw>
<status status="PASS" starttime="20231113 18:45:35.733" endtime="20231113 18:45:35.734"/>
</kw>
<kw name="Output Should Contain" library="AppLibrary">
<arg>Password minumum length is 8 characters and has to contain a letter and number</arg>
<status status="PASS" starttime="20231113 18:45:35.734" endtime="20231113 18:45:35.734"/>
</kw>
<status status="PASS" starttime="20231113 18:45:35.733" endtime="20231113 18:45:35.734"/>
</test>
<status status="PASS" starttime="20231113 18:45:35.724" endtime="20231113 18:45:35.734"/>
</suite>
<status status="PASS" starttime="20231113 18:45:35.704" endtime="20231113 18:45:35.735"/>
</suite>
<statistics>
<total>
<stat pass="9" fail="0" skip="0">All Tests</stat>
</total>
<tag>
</tag>
<suite>
<stat pass="9" fail="0" skip="0" id="s1" name="Tests">Tests</stat>
<stat pass="3" fail="0" skip="0" id="s1-s1" name="Login">Tests.Login</stat>
<stat pass="6" fail="0" skip="0" id="s1-s2" name="Register">Tests.Register</stat>
</suite>
</statistics>
<errors>
</errors>
</robot>
